INFO: [VRFC 10-2263] Analyzing Verilog file "C:/Users/hdm09/Desktop/AIX2024_CW_local/build/conv3x3_maxpool_tb/conv3x3_maxpool_tb.srcs/sources_1/imports/src/adder_tree.v" into library xil_defaultlib
INFO: [VRFC 10-311] analyzing module adder_tree
INFO: [VRFC 10-2263] Analyzing Verilog file "C:/Users/hdm09/Desktop/AIX2024_CW_local/build/conv3x3_maxpool_tb/conv3x3_maxpool_tb.srcs/sources_1/imports/src/conv3x3_maxpool_module.v" into library xil_defaultlib
INFO: [VRFC 10-311] analyzing module conv3x3_maxpool_module
INFO: [VRFC 10-2263] Analyzing Verilog file "C:/Users/hdm09/Desktop/AIX2024_CW_local/build/conv3x3_maxpool_tb/conv3x3_maxpool_tb.srcs/sources_1/imports/src/mac.v" into library xil_defaultlib
INFO: [VRFC 10-311] analyzing module mac
INFO: [VRFC 10-2263] Analyzing Verilog file "C:/Users/hdm09/Desktop/AIX2024_CW_local/build/conv3x3_maxpool_tb/conv3x3_maxpool_tb.srcs/sources_1/imports/src/mac_array.v" into library xil_defaultlib
INFO: [VRFC 10-311] analyzing module mac_array
INFO: [VRFC 10-2263] Analyzing Verilog file "C:/Users/hdm09/Desktop/AIX2024_CW_local/build/conv3x3_maxpool_tb/conv3x3_maxpool_tb.srcs/sources_1/imports/src/mul.v" into library xil_defaultlib
INFO: [VRFC 10-311] analyzing module mul
WARNING: [VRFC 10-3380] identifier 'Ni' is used before its declaration [C:/Users/hdm09/Desktop/AIX2024_CW_local/build/conv3x3_maxpool_tb/conv3x3_maxpool_tb.srcs/sources_1/imports/src/define.v:248]
INFO: [VRFC 10-2263] Analyzing Verilog file "C:/Users/hdm09/Desktop/AIX2024_CW_local/build/conv3x3_maxpool_tb/conv3x3_maxpool_tb.srcs/sim_1/imports/sim/conv_kern_tb.v" into library xil_defaultlib
INFO: [VRFC 10-311] analyzing module conv_kern_tb
WARNING: [VRFC 10-2938] 'data' is already implicitly declared on line 183 [C:/Users/hdm09/Desktop/AIX2024_CW_local/build/conv3x3_maxpool_tb/conv3x3_maxpool_tb.srcs/sim_1/imports/sim/conv_kern_tb.v:199]
WARNING: [VRFC 10-3380] identifier 'tick' is used before its declaration [C:/Users/hdm09/Desktop/AIX2024_CW_local/build/conv3x3_maxpool_tb/conv3x3_maxpool_tb.srcs/sim_1/imports/sim/conv_kern_tb.v:94]
WARNING: [VRFC 10-3380] identifier 'F_writedone' is used before its declaration [C:/Users/hdm09/Desktop/AIX2024_CW_local/build/conv3x3_maxpool_tb/conv3x3_maxpool_tb.srcs/sim_1/imports/sim/conv_kern_tb.v:103]
WARNING: [VRFC 10-3380] identifier 'tick' is used before its declaration [C:/Users/hdm09/Desktop/AIX2024_CW_local/build/conv3x3_maxpool_tb/conv3x3_maxpool_tb.srcs/sim_1/imports/sim/conv_kern_tb.v:109]
WARNING: [VRFC 10-3380] identifier 'W_writedone' is used before its declaration [C:/Users/hdm09/Desktop/AIX2024_CW_local/build/conv3x3_maxpool_tb/conv3x3_maxpool_tb.srcs/sim_1/imports/sim/conv_kern_tb.v:117]
WARNING: [VRFC 10-3380] identifier 'tick' is used before its declaration [C:/Users/hdm09/Desktop/AIX2024_CW_local/build/conv3x3_maxpool_tb/conv3x3_maxpool_tb.srcs/sim_1/imports/sim/conv_kern_tb.v:123]
WARNING: [VRFC 10-3380] identifier 'B_writedone' is used before its declaration [C:/Users/hdm09/Desktop/AIX2024_CW_local/build/conv3x3_maxpool_tb/conv3x3_maxpool_tb.srcs/sim_1/imports/sim/conv_kern_tb.v:131]
WARNING: [VRFC 10-3380] identifier 'conv3x3_done' is used before its declaration [C:/Users/hdm09/Desktop/AIX2024_CW_local/build/conv3x3_maxpool_tb/conv3x3_maxpool_tb.srcs/sim_1/imports/sim/conv_kern_tb.v:140]
WARNING: [VRFC 10-3380] identifier 'pixel_out_done' is used before its declaration [C:/Users/hdm09/Desktop/AIX2024_CW_local/build/conv3x3_maxpool_tb/conv3x3_maxpool_tb.srcs/sim_1/imports/sim/conv_kern_tb.v:147]
